Microsoft (R) Build Engine version 14.0.25420.1
Copyright (C) Microsoft Corporation. All rights reserved.

Build started 2/6/2018 7:38:30 PM.
Project "C:\A_PCL\Horde3D-master\project_glfw-prefix\src\project_glfw-build\ALL_BUILD.vcxproj" on node 1 (default targets).
Project "C:\A_PCL\Horde3D-master\project_glfw-prefix\src\project_glfw-build\ALL_BUILD.vcxproj" (1) is building "C:\A_PCL\Horde3D-master\project_glfw-prefix\src\project_glfw-build\ZERO_CHECK.vcxproj" (2) on node 1 (default targets).
PrepareForBuild:
  Creating directory "x64\Debug\ZERO_CHECK\".
  Creating directory "x64\Debug\ZERO_CHECK\ZERO_CHECK.tlog\".
InitializeBuildStatus:
  Creating "x64\Debug\ZERO_CHECK\ZERO_CHECK.tlog\unsuccessfulbuild" because "AlwaysCreate" was specified.
CustomBuild:
  Checking Build System
  CMake does not need to re-run because C:/A_PCL/Horde3D-master/project_glfw-prefix/src/project_glfw-build/CMakeFiles/generate.stamp is up-to-date.
  CMake does not need to re-run because C:/A_PCL/Horde3D-master/project_glfw-prefix/src/project_glfw-build/src/CMakeFiles/generate.stamp is up-to-date.
FinalizeBuildStatus:
  Deleting file "x64\Debug\ZERO_CHECK\ZERO_CHECK.tlog\unsuccessfulbuild".
  Touching "x64\Debug\ZERO_CHECK\ZERO_CHECK.tlog\ZERO_CHECK.lastbuildstate".
Done Building Project "C:\A_PCL\Horde3D-master\project_glfw-prefix\src\project_glfw-build\ZERO_CHECK.vcxproj" (default targets).
Project "C:\A_PCL\Horde3D-master\project_glfw-prefix\src\project_glfw-build\ALL_BUILD.vcxproj" (1) is building "C:\A_PCL\Horde3D-master\project_glfw-prefix\src\project_glfw-build\src\glfw.vcxproj" (3) on node 1 (default targets).
PrepareForBuild:
  Creating directory "glfw.dir\Debug\".
  Creating directory "C:\A_PCL\Horde3D-master\project_glfw-prefix\src\project_glfw-build\src\Debug\".
  Creating directory "glfw.dir\Debug\glfw.tlog\".
InitializeBuildStatus:
  Creating "glfw.dir\Debug\glfw.tlog\unsuccessfulbuild" because "AlwaysCreate" was specified.
CustomBuild:
  Building Custom Rule C:/A_PCL/Horde3D-master/project_glfw-prefix/src/project_glfw/src/CMakeLists.txt
  CMake does not need to re-run because C:/A_PCL/Horde3D-master/project_glfw-prefix/src/project_glfw-build/src/CMakeFiles/generate.stamp is up-to-date.
ClCompile:
  C:\Program Files (x86)\Microsoft Visual Studio 14.0\VC\bin\x86_amd64\CL.exe /c /I"C:\A_PCL\Horde3D-master\project_glfw-prefix\src\project_glfw\include" /I"C:\A_PCL\Horde3D-master\project_glfw-prefix\src\project_glfw\src" /I"C:\A_PCL\Horde3D-master\project_glfw-prefix\src\project_glfw-build\src" /Zi /nologo /W3 /WX- /Od /Ob0 /D WIN32 /D _WINDOWS /D _GLFW_USE_CONFIG_H /D _CRT_SECURE_NO_WARNINGS /D "CMAKE_INTDIR=\"Debug\"" /D _MBCS /Gm- /RTC1 /MDd /GS /fp:precise /Zc:wchar_t /Zc:forScope /Zc:inline /Fo"glfw.dir\Debug\\" /Fd"glfw.dir\Debug\glfw.pdb" /Gd /TC /errorReport:queue "C:\A_PCL\Horde3D-master\project_glfw-prefix\src\project_glfw\src\context.c" "C:\A_PCL\Horde3D-master\project_glfw-prefix\src\project_glfw\src\init.c" "C:\A_PCL\Horde3D-master\project_glfw-prefix\src\project_glfw\src\input.c" "C:\A_PCL\Horde3D-master\project_glfw-prefix\src\project_glfw\src\monitor.c" "C:\A_PCL\Horde3D-master\project_glfw-prefix\src\project_glfw\src\vulkan.c" "C:\A_PCL\Horde3D-master\project_glfw-prefix\src\project_glfw\src\window.c" "C:\A_PCL\Horde3D-master\project_glfw-prefix\src\project_glfw\src\win32_init.c" "C:\A_PCL\Horde3D-master\project_glfw-prefix\src\project_glfw\src\win32_joystick.c" "C:\A_PCL\Horde3D-master\project_glfw-prefix\src\project_glfw\src\win32_monitor.c" "C:\A_PCL\Horde3D-master\project_glfw-prefix\src\project_glfw\src\win32_time.c" "C:\A_PCL\Horde3D-master\project_glfw-prefix\src\project_glfw\src\win32_tls.c" "C:\A_PCL\Horde3D-master\project_glfw-prefix\src\project_glfw\src\win32_window.c" "C:\A_PCL\Horde3D-master\project_glfw-prefix\src\project_glfw\src\wgl_context.c" "C:\A_PCL\Horde3D-master\project_glfw-prefix\src\project_glfw\src\egl_context.c"
  context.c
  init.c
  input.c
  monitor.c
  vulkan.c
  window.c
  win32_init.c
  win32_joystick.c
  win32_monitor.c
  win32_time.c
  win32_tls.c
  win32_window.c
  wgl_context.c
  egl_context.c
  Generating Code...
Lib:
  C:\Program Files (x86)\Microsoft Visual Studio 14.0\VC\bin\x86_amd64\Lib.exe /OUT:"C:\A_PCL\Horde3D-master\project_glfw-prefix\src\project_glfw-build\src\Debug\glfw3.lib" /NOLOGO /MACHINE:X64  /machine:x64 glfw.dir\Debug\context.obj
  glfw.dir\Debug\init.obj
  glfw.dir\Debug\input.obj
  glfw.dir\Debug\monitor.obj
  glfw.dir\Debug\vulkan.obj
  glfw.dir\Debug\window.obj
  glfw.dir\Debug\win32_init.obj
  glfw.dir\Debug\win32_joystick.obj
  glfw.dir\Debug\win32_monitor.obj
  glfw.dir\Debug\win32_time.obj
  glfw.dir\Debug\win32_tls.obj
  glfw.dir\Debug\win32_window.obj
  glfw.dir\Debug\wgl_context.obj
  glfw.dir\Debug\egl_context.obj
  glfw.vcxproj -> C:\A_PCL\Horde3D-master\project_glfw-prefix\src\project_glfw-build\src\Debug\glfw3.lib
FinalizeBuildStatus:
  Deleting file "glfw.dir\Debug\glfw.tlog\unsuccessfulbuild".
  Touching "glfw.dir\Debug\glfw.tlog\glfw.lastbuildstate".
Done Building Project "C:\A_PCL\Horde3D-master\project_glfw-prefix\src\project_glfw-build\src\glfw.vcxproj" (default targets).
PrepareForBuild:
  Creating directory "x64\Debug\ALL_BUILD\".
  Creating directory "x64\Debug\ALL_BUILD\ALL_BUILD.tlog\".
InitializeBuildStatus:
  Creating "x64\Debug\ALL_BUILD\ALL_BUILD.tlog\unsuccessfulbuild" because "AlwaysCreate" was specified.
CustomBuild:
  Building Custom Rule C:/A_PCL/Horde3D-master/project_glfw-prefix/src/project_glfw/CMakeLists.txt
  CMake does not need to re-run because C:/A_PCL/Horde3D-master/project_glfw-prefix/src/project_glfw-build/CMakeFiles/generate.stamp is up-to-date.
FinalizeBuildStatus:
  Deleting file "x64\Debug\ALL_BUILD\ALL_BUILD.tlog\unsuccessfulbuild".
  Touching "x64\Debug\ALL_BUILD\ALL_BUILD.tlog\ALL_BUILD.lastbuildstate".
Done Building Project "C:\A_PCL\Horde3D-master\project_glfw-prefix\src\project_glfw-build\ALL_BUILD.vcxproj" (default targets).

Build succeeded.
    0 Warning(s)
    0 Error(s)

Time Elapsed 00:00:05.51
